<?xml version="1.0" encoding="UTF-8"?>
<!-- Generated by org.testng.reporters.JUnitReportReporter -->
<testsuite hostname="Lingeswar" failures="0" tests="1" name="Testcase.Bankdeposite" time="1.417" errors="0" timestamp="2023-08-25T18:29:39 IST" skipped="0">
  <testcase classname="Testcase.Bankdeposite" name="BankDeposite" time="1.417"/>
</testsuite> <!-- Testcase.Bankdeposite -->
