<?xml version="1.0" encoding="UTF-8"?>
<!-- Generated by org.testng.reporters.JUnitReportReporter -->
<testsuite hostname="Lingeswar" failures="0" tests="1" name="Testcase.Bankdeposite" time="1.605" errors="0" timestamp="2023-06-28T12:59:17 IST" skipped="0">
  <testcase classname="Testcase.Bankdeposite" name="BankDeposite" time="1.605"/>
</testsuite> <!-- Testcase.Bankdeposite -->
