<?xml version="1.0" encoding="UTF-8"?>
<!-- Generated by org.testng.reporters.JUnitReportReporter -->
<testsuite hostname="Lingeswar" failures="0" tests="1" name="Testcase.XYZBank" time="2.043" errors="0" timestamp="2023-06-28T12:59:17 IST" skipped="0">
  <testcase classname="Testcase.XYZBank" name="CustomerLogin" time="2.043"/>
</testsuite> <!-- Testcase.XYZBank -->
