<?xml version="1.0" encoding="UTF-8"?>
<!-- Generated by org.testng.reporters.JUnitReportReporter -->
<testsuite hostname="Lingeswar" failures="0" tests="1" name="Testcase.Bankwithdraw" time="1.946" errors="0" timestamp="2023-06-28T12:59:17 IST" skipped="0">
  <testcase classname="Testcase.Bankwithdraw" name="Withdrawamount" time="1.946"/>
</testsuite> <!-- Testcase.Bankwithdraw -->
