<?xml version="1.0" encoding="UTF-8"?>
<!-- Generated by org.testng.reporters.JUnitReportReporter -->
<testsuite hostname="Lingeswar" failures="0" tests="1" name="ManagerLoginScenario.Managerlogin" time="2.921" errors="0" timestamp="2023-08-25T19:26:31 IST" skipped="0">
  <testcase classname="ManagerLoginScenario.Managerlogin" name="ManagerBanklogincase" time="2.921"/>
</testsuite> <!-- ManagerLoginScenario.Managerlogin -->
